
=============================== Log Started [2020-10-03 13:30:15 AEST] ===============================
[2020-10-03 13:30:17,822:      agent.CAPM Bot]:     INFO - Requesting initial information for marketplace `1058`
[2020-10-03 13:30:20,181:      agent.CAPM Bot]:     INFO - Initialisation complete. Received marketplace information.
[2020-10-03 13:30:20,184:      agent.CAPM Bot]:     INFO - {'Note': [5.0, 5.0, 5.0, 5.0], 'C': [0.0, 7.5, 2.5, 10.0], 'B': [0.0, 2.5, 7.5, 10.0], 'A': [10.0, 0.0, 7.5, 2.5]}
[2020-10-03 13:30:20,184:      agent.CAPM Bot]:     INFO - {'Note': 1882, 'C': 1881, 'B': 1880, 'A': 1879}
[2020-10-03 13:30:45,592:      agent.CAPM Bot]:     INFO - Covariances:
({('Note', 'C'): 0.0, ('Note', 'B'): 0.0, ('Note', 'A'): 0.0, ('C', 'B'): 9.375, ('C', 'A'): -14.0625, ('B', 'A'): -4.6875}, <itertools.combinations object at 0x115a8d950>)
[2020-10-03 13:30:48,378:      agent.CAPM Bot]:     INFO - Session: SID:17244:SessionState.CLOSED

=============================== Log Started [2020-10-03 13:32:48 AEST] ===============================
[2020-10-03 13:32:50,505:      agent.CAPM Bot]:     INFO - Requesting initial information for marketplace `1058`
[2020-10-03 13:32:52,963:      agent.CAPM Bot]:     INFO - Initialisation complete. Received marketplace information.
[2020-10-03 13:32:52,965:      agent.CAPM Bot]:     INFO - {'Note': [5.0, 5.0, 5.0, 5.0], 'C': [0.0, 7.5, 2.5, 10.0], 'B': [0.0, 2.5, 7.5, 10.0], 'A': [10.0, 0.0, 7.5, 2.5]}
[2020-10-03 13:32:52,966:      agent.CAPM Bot]:     INFO - {'Note': 1882, 'C': 1881, 'B': 1880, 'A': 1879}
[2020-10-03 13:33:02,237:      agent.CAPM Bot]:     INFO - Covariances:
({('Note', 'C'): 0.0, ('Note', 'B'): 0.0, ('Note', 'A'): 0.0, ('C', 'B'): 9.375, ('C', 'A'): -14.0625, ('B', 'A'): -4.6875}, <itertools.combinations object at 0x10f531040>)
[2020-10-03 13:33:04,004:      agent.CAPM Bot]:     INFO - Session: SID:17244:SessionState.CLOSED

=============================== Log Started [2020-10-04 10:37:53 AEDT] ===============================
[2020-10-04 10:37:55,520:      agent.CAPM Bot]:     INFO - Requesting initial information for marketplace `1058`
[2020-10-04 10:37:57,878:      agent.CAPM Bot]:     INFO - Initialisation complete. Received marketplace information.
[2020-10-04 10:37:57,879:      agent.CAPM Bot]:     INFO - {'Note': [5.0, 5.0, 5.0, 5.0], 'C': [0.0, 7.5, 2.5, 10.0], 'B': [0.0, 2.5, 7.5, 10.0], 'A': [10.0, 0.0, 7.5, 2.5]}
[2020-10-04 10:37:57,879:      agent.CAPM Bot]:     INFO - {'Note': 1882, 'C': 1881, 'B': 1880, 'A': 1879}
[2020-10-04 10:37:57,882:      agent.CAPM Bot]:     INFO - Covariances:
({('Note', 'C'): 0.0, ('Note', 'B'): 0.0, ('Note', 'A'): 0.0, ('C', 'B'): 9.375, ('C', 'A'): -14.0625, ('B', 'A'): -4.6875}, <itertools.combinations object at 0x10d57c5e0>)
[2020-10-04 10:37:58,643:      agent.CAPM Bot]:     INFO - Session: SID:17333:SessionState.OPEN
[2020-10-04 10:37:58,644:      agent.CAPM Bot]:     INFO - Current performace: (146.484375, 2.5298221281347035)
[2020-10-04 10:38:09,973:      agent.CAPM Bot]:    ERROR - Oops. Keyboard Interrupt received from user.
[2020-10-04 10:38:09,973:      agent.CAPM Bot]:     INFO - Shutting Down
[2020-10-04 10:38:09,973:      agent.CAPM Bot]:     INFO - I have been asked to stop :-(

=============================== Log Started [2020-10-04 10:42:02 AEDT] ===============================
[2020-10-04 10:42:04,972:      agent.CAPM Bot]:     INFO - Requesting initial information for marketplace `1058`
[2020-10-04 10:42:07,160:      agent.CAPM Bot]:     INFO - Initialisation complete. Received marketplace information.
[2020-10-04 10:42:07,161:      agent.CAPM Bot]:     INFO - {'Note': [5.0, 5.0, 5.0, 5.0], 'C': [0.0, 7.5, 2.5, 10.0], 'B': [0.0, 2.5, 7.5, 10.0], 'A': [10.0, 0.0, 7.5, 2.5]}
[2020-10-04 10:42:07,162:      agent.CAPM Bot]:     INFO - {'Note': 1882, 'C': 1881, 'B': 1880, 'A': 1879}
[2020-10-04 10:42:07,162:      agent.CAPM Bot]:     INFO - Covariances:
({('Note', 'C'): 0.0, ('Note', 'B'): 0.0, ('Note', 'A'): 0.0, ('C', 'B'): 9.375, ('C', 'A'): -14.0625, ('B', 'A'): -4.6875}, <itertools.combinations object at 0x10dbee040>)
[2020-10-04 10:42:07,669:      agent.CAPM Bot]:     INFO - Session: SID:17333:SessionState.OPEN
[2020-10-04 10:42:07,670:      agent.CAPM Bot]:     INFO - Current performace: (125.390625, 2.5298221281347035)
[2020-10-04 10:42:10,488:      agent.CAPM Bot]:    ERROR - Oops. Keyboard Interrupt received from user.
[2020-10-04 10:42:10,489:      agent.CAPM Bot]:     INFO - Shutting Down
[2020-10-04 10:42:10,489:      agent.CAPM Bot]:     INFO - I have been asked to stop :-(

=============================== Log Started [2020-10-04 17:30:40 AEDT] ===============================
[2020-10-04 17:30:43,650:      agent.CAPM Bot]:     INFO - Requesting initial information for marketplace `1058`
[2020-10-04 17:30:47,440:      agent.CAPM Bot]:     INFO - Initialisation complete. Received marketplace information.
[2020-10-04 17:30:48,203:      agent.CAPM Bot]:     INFO - Session: SID:17358:SessionState.CLOSED
[2020-10-04 17:30:49,216:      agent.CAPM Bot]:    ERROR - Exception in CAPMBot.received_orders() method. Run with DEBUG for details.
[2020-10-04 17:30:52,719:      agent.CAPM Bot]:    ERROR - Oops. Keyboard Interrupt received from user.
[2020-10-04 17:30:52,720:      agent.CAPM Bot]:     INFO - Shutting Down
[2020-10-04 17:30:52,720:      agent.CAPM Bot]:     INFO - I have been asked to stop :-(

=============================== Log Started [2020-10-04 17:32:20 AEDT] ===============================
[2020-10-04 17:32:23,010:      agent.CAPM Bot]:     INFO - Requesting initial information for marketplace `1058`
[2020-10-04 17:32:25,369:      agent.CAPM Bot]:     INFO - Initialisation complete. Received marketplace information.
[2020-10-04 17:32:35,310:      agent.CAPM Bot]:     INFO - Session: SID:17360:SessionState.OPEN

=============================== Log Started [2020-10-04 17:34:43 AEDT] ===============================
[2020-10-04 17:34:46,039:      agent.CAPM Bot]:     INFO - Requesting initial information for marketplace `1058`
[2020-10-04 17:34:48,395:      agent.CAPM Bot]:     INFO - Initialisation complete. Received marketplace information.
[2020-10-04 17:34:49,155:      agent.CAPM Bot]:     INFO - Session: SID:17360:SessionState.OPEN
